#
# A fatal error has been detected by the Java Runtime Environment:
#
#  Internal Error (javaClasses.cpp:129), pid=2708, tid=3060431680
#  fatal error: Invalid layout of preloaded class
#
# JRE version: 7.0_25-b30
# Java VM: OpenJDK Server VM (23.7-b01 mixed mode linux-x86 )
# Failed to write core dump. Core dumps have been disabled. To enable core dumping, try "ulimit -c unlimited" before starting Java again
#
# If you would like to submit a bug report, please include
# instructions on how to reproduce the bug and visit:
#   https://bugs.launchpad.net/ubuntu/+source/openjdk-7/
#

---------------  T H R E A D  ---------------

Current thread (0xb6507000):  JavaThread "Unknown thread" [_thread_in_vm, id=2710, stack(0xb6657000,0xb66a8000)]

Stack: [0xb6657000,0xb66a8000]
[error occurred during error reporting (printing stack bounds), id 0xb]


[error occurred during error reporting (printing native stack), id 0xb]


---------------  P R O C E S S  ---------------

Java Threads: ( => current thread )

Other Threads:

=>0xb6507000 (exited) JavaThread "Unknown thread" [_thread_in_vm, id=2710, stack(0xb6657000,0xb66a8000)]

VM state:not at safepoint (not fully initialized)

VM Mutex/Monitor currently owned by a thread: None

GC Heap History (0 events):
No events

Deoptimization events (0 events):
No events

Internal exceptions (0 events):
No events

Events (10 events):
Event: 0.024 loading class 0xb6531f28 done
Event: 0.024 loading class 0xb6531868 done
Event: 0.024 loading class 0xb6531840
Event: 0.025 loading class 0xb6551888
Event: 0.025 loading class 0xb6551888 done
Event: 0.025 loading class 0xb65518c0
Event: 0.025 loading class 0xb65518c0 done
Event: 0.025 loading class 0xb65518f8
Event: 0.025 loading class 0xb65518f8 done
Event: 0.025 loading class 0xb6531840 done


Dynamic libraries:
08048000-08049000 r-xp 00000000 08:01 4857967    /usr/lib/jvm/java-7-openjdk-i386/jre/bin/java
08049000-0804a000 r--p 00000000 08:01 4857967    /usr/lib/jvm/java-7-openjdk-i386/jre/bin/java
0804a000-0804b000 rw-p 00001000 08:01 4857967    /usr/lib/jvm/java-7-openjdk-i386/jre/bin/java
091d7000-091f8000 rw-p 00000000 00:00 0          [heap]
892f6000-893c0000 r--s 011ad000 08:01 6047987    /home/niels/android-sdks/platforms/android-18/android.jar
893c0000-8ae00000 rw-p 00000000 00:00 0 
8ae00000-8ae21000 rw-p 00000000 00:00 0 
8ae21000-8af00000 ---p 00000000 00:00 0 
8af7f000-8af80000 ---p 00000000 00:00 0 
8af80000-8b000000 rw-p 00000000 00:00 0          [stack:2716]
8b000000-8b021000 rw-p 00000000 00:00 0 
8b021000-8b100000 ---p 00000000 00:00 0 
8b12e000-8b153000 rw-p 00000000 00:00 0 
8b153000-8b154000 ---p 00000000 00:00 0 
8b154000-8b1dc000 rw-p 00000000 00:00 0          [stack:2715]
8b1dc000-8b214000 rw-p 00000000 00:00 0 
8b214000-8b21f000 rw-p 00000000 00:00 0 
8b21f000-8b2bf000 rw-p 00000000 00:00 0 
8b2bf000-8b2c7000 rw-p 00000000 00:00 0 
8b2c7000-8b2ff000 rw-p 00000000 00:00 0 
8b2ff000-8b30a000 rw-p 00000000 00:00 0 
8b30a000-8b3a9000 rw-p 00000000 00:00 0 
8b3a9000-8b3af000 rw-p 00000000 00:00 0 
8b3af000-8b3ff000 rw-p 00000000 00:00 0 
8b3ff000-8c400000 rw-p 00000000 00:00 0 
8c400000-93400000 rw-p 00000000 00:00 0 
93400000-948a0000 rw-p 00000000 00:00 0 
948a0000-a8960000 rw-p 00000000 00:00 0 
a8960000-a93a0000 rw-p 00000000 00:00 0 
a93a0000-b3400000 rw-p 00000000 00:00 0 
b340e000-b3417000 rw-p 00000000 00:00 0 
b3417000-b34ce000 rw-p 00000000 00:00 0 
b34ce000-b370e000 rwxp 00000000 00:00 0 
b370e000-b64ce000 rw-p 00000000 00:00 0 
b64ce000-b64d9000 r-xp 00000000 08:01 2491622    /lib/i386-linux-gnu/libnss_files-2.17.so
b64d9000-b64da000 r--p 0000a000 08:01 2491622    /lib/i386-linux-gnu/libnss_files-2.17.so
b64da000-b64db000 rw-p 0000b000 08:01 2491622    /lib/i386-linux-gnu/libnss_files-2.17.so
b64db000-b64e5000 r-xp 00000000 08:01 2491633    /lib/i386-linux-gnu/libnss_nis-2.17.so
b64e5000-b64e6000 r--p 00009000 08:01 2491633    /lib/i386-linux-gnu/libnss_nis-2.17.so
b64e6000-b64e7000 rw-p 0000a000 08:01 2491633    /lib/i386-linux-gnu/libnss_nis-2.17.so
b64e7000-b64fc000 r-xp 00000000 08:01 2491343    /lib/i386-linux-gnu/libnsl-2.17.so
b64fc000-b64fd000 r--p 00014000 08:01 2491343    /lib/i386-linux-gnu/libnsl-2.17.so
b64fd000-b64fe000 rw-p 00015000 08:01 2491343    /lib/i386-linux-gnu/libnsl-2.17.so
b64fe000-b6500000 rw-p 00000000 00:00 0 
b6500000-b655c000 rw-p 00000000 00:00 0 
b655c000-b6600000 ---p 00000000 00:00 0 
b6609000-b6610000 r-xp 00000000 08:01 2491623    /lib/i386-linux-gnu/libnss_compat-2.17.so
b6610000-b6611000 r--p 00006000 08:01 2491623    /lib/i386-linux-gnu/libnss_compat-2.17.so
b6611000-b6612000 rw-p 00007000 08:01 2491623    /lib/i386-linux-gnu/libnss_compat-2.17.so
b6613000-b661b000 r-xp 00000000 08:01 4858009    /usr/lib/jvm/java-7-openjdk-i386/jre/lib/i386/libzip.so
b661b000-b661c000 r--p 00007000 08:01 4858009    /usr/lib/jvm/java-7-openjdk-i386/jre/lib/i386/libzip.so
b661c000-b661d000 rw-p 00008000 08:01 4858009    /usr/lib/jvm/java-7-openjdk-i386/jre/lib/i386/libzip.so
b661d000-b6625000 rw-s 00000000 08:01 5784187    /tmp/hsperfdata_niels/2708
b6625000-b664c000 r-xp 00000000 08:01 4858035    /usr/lib/jvm/java-7-openjdk-i386/jre/lib/i386/libjava.so
b664c000-b664d000 r--p 00026000 08:01 4858035    /usr/lib/jvm/java-7-openjdk-i386/jre/lib/i386/libjava.so
b664d000-b664e000 rw-p 00027000 08:01 4858035    /usr/lib/jvm/java-7-openjdk-i386/jre/lib/i386/libjava.so
b664e000-b6655000 r-xp 00000000 08:01 2491632    /lib/i386-linux-gnu/librt-2.17.so
b6655000-b6656000 r--p 00006000 08:01 2491632    /lib/i386-linux-gnu/librt-2.17.so
b6656000-b6657000 rw-p 00007000 08:01 2491632    /lib/i386-linux-gnu/librt-2.17.so
b6657000-b665a000 ---p 00000000 00:00 0 
b665a000-b66a8000 rw-p 00000000 00:00 0          [stack:2710]
b66a8000-b66c3000 r-xp 00000000 08:01 2491230    /lib/i386-linux-gnu/libgcc_s.so.1
b66c3000-b66c4000 r--p 0001a000 08:01 2491230    /lib/i386-linux-gnu/libgcc_s.so.1
b66c4000-b66c5000 rw-p 0001b000 08:01 2491230    /lib/i386-linux-gnu/libgcc_s.so.1
b66c5000-b6706000 r-xp 00000000 08:01 2491629    /lib/i386-linux-gnu/libm-2.17.so
b6706000-b6707000 r--p 00040000 08:01 2491629    /lib/i386-linux-gnu/libm-2.17.so
b6707000-b6708000 rw-p 00041000 08:01 2491629    /lib/i386-linux-gnu/libm-2.17.so
b6708000-b67e4000 r-xp 00000000 08:01 4724504    /usr/lib/i386-linux-gnu/libstdc++.so.6.0.17
b67e4000-b67e5000 ---p 000dc000 08:01 4724504    /usr/lib/i386-linux-gnu/libstdc++.so.6.0.17
b67e5000-b67e9000 r--p 000dc000 08:01 4724504    /usr/lib/i386-linux-gnu/libstdc++.so.6.0.17
b67e9000-b67ea000 rw-p 000e0000 08:01 4724504    /usr/lib/i386-linux-gnu/libstdc++.so.6.0.17
b67ea000-b67f1000 rw-p 00000000 00:00 0 
b67f1000-b70e2000 r-xp 00000000 08:01 4858012    /usr/lib/jvm/java-7-openjdk-i386/jre/lib/i386/server/libjvm.so
b70e2000-b7129000 r--p 008f1000 08:01 4858012    /usr/lib/jvm/java-7-openjdk-i386/jre/lib/i386/server/libjvm.so
b7129000-b713d000 rw-p 00938000 08:01 4858012    /usr/lib/jvm/java-7-openjdk-i386/jre/lib/i386/server/libjvm.so
b713d000-b755b000 rw-p 00000000 00:00 0 
b755b000-b7572000 r-xp 00000000 08:01 2491358    /lib/i386-linux-gnu/libz.so.1.2.7
b7572000-b7573000 r--p 00016000 08:01 2491358    /lib/i386-linux-gnu/libz.so.1.2.7
b7573000-b7574000 rw-p 00017000 08:01 2491358    /lib/i386-linux-gnu/libz.so.1.2.7
b7574000-b758b000 r-xp 00000000 08:01 2491628    /lib/i386-linux-gnu/libpthread-2.17.so
b758b000-b758c000 r--p 00016000 08:01 2491628    /lib/i386-linux-gnu/libpthread-2.17.so
b758c000-b758d000 rw-p 00017000 08:01 2491628    /lib/i386-linux-gnu/libpthread-2.17.so
b758d000-b758f000 rw-p 00000000 00:00 0 
b758f000-b7592000 r-xp 00000000 08:01 2491635    /lib/i386-linux-gnu/libdl-2.17.so
b7592000-b7593000 r--p 00002000 08:01 2491635    /lib/i386-linux-gnu/libdl-2.17.so
b7593000-b7594000 rw-p 00003000 08:01 2491635    /lib/i386-linux-gnu/libdl-2.17.so
b7594000-b7742000 r-xp 00000000 08:01 2491630    /lib/i386-linux-gnu/libc-2.17.so
b7742000-b7744000 r--p 001ae000 08:01 2491630    /lib/i386-linux-gnu/libc-2.17.so
b7744000-b7745000 rw-p 001b0000 08:01 2491630    /lib/i386-linux-gnu/libc-2.17.so
b7745000-b7748000 rw-p 00000000 00:00 0 
b774a000-b774b000 rw-p 00000000 00:00 0 
b774b000-b774c000 r--p 00000000 00:00 0 
b774c000-b7759000 r-xp 00000000 08:01 4858019    /usr/lib/jvm/java-7-openjdk-i386/jre/lib/i386/libverify.so
b7759000-b775a000 r--p 0000d000 08:01 4858019    /usr/lib/jvm/java-7-openjdk-i386/jre/lib/i386/libverify.so
b775a000-b775b000 rw-p 0000e000 08:01 4858019    /usr/lib/jvm/java-7-openjdk-i386/jre/lib/i386/libverify.so
b775b000-b7768000 r-xp 00000000 08:01 4858029    /usr/lib/jvm/java-7-openjdk-i386/jre/lib/i386/jli/libjli.so
b7768000-b7769000 r--p 0000c000 08:01 4858029    /usr/lib/jvm/java-7-openjdk-i386/jre/lib/i386/jli/libjli.so
b7769000-b776a000 rw-p 0000d000 08:01 4858029    /usr/lib/jvm/java-7-openjdk-i386/jre/lib/i386/jli/libjli.so
b776a000-b776d000 rw-p 00000000 00:00 0 
b776d000-b776e000 r-xp 00000000 00:00 0          [vdso]
b776e000-b778e000 r-xp 00000000 08:01 2491631    /lib/i386-linux-gnu/ld-2.17.so
b778e000-b778f000 r--p 0001f000 08:01 2491631    /lib/i386-linux-gnu/ld-2.17.so
b778f000-b7790000 rw-p 00020000 08:01 2491631    /lib/i386-linux-gnu/ld-2.17.so
bfd8d000-bfdae000 rw-p 00000000 00:00 0          [stack]

VM Arguments:
jvm_args: -Dfile.encoding=UTF-8 -Xbootclasspath:/home/niels/android-sdks/platforms/android-18/android.jar 
java_command: org.eclipse.jdt.internal.junit.runner.RemoteTestRunner -version 3 -port 56106 -testLoaderClass org.eclipse.jdt.internal.junit4.runner.JUnit4TestLoader -loaderpluginname org.eclipse.jdt.junit4.runtime -classNames de.nordakademie.smart_kitchen_ingredients.test.onlinedata.ServerHandlerImplTest
Launcher Type: SUN_STANDARD

Environment Variables:
PATH=/home/niels/bin:/usr/lib/lightdm/lightdm:/usr/local/sbin:/usr/local/bin:/usr/sbin:/usr/bin:/sbin:/bin:/usr/games:/usr/local/games
LD_LIBRARY_PATH=/usr/lib/jvm/java-7-openjdk-i386/jre/lib/i386/server:/usr/lib/jvm/java-7-openjdk-i386/jre/lib/i386:/usr/lib/jvm/java-7-openjdk-i386/jre/../lib/i386:/usr/lib/jvm/java-7-openjdk-i386/jre/lib/i386/client:/usr/lib/jvm/java-7-openjdk-i386/jre/lib/i386:
SHELL=/bin/bash
DISPLAY=:0.0

Signal Handlers:
SIGSEGV: [libjvm.so+0x758d30], sa_mask[0]=0x7ffbfeff, sa_flags=0x10000004
SIGBUS: [libjvm.so+0x758d30], sa_mask[0]=0x7ffbfeff, sa_flags=0x10000004
SIGFPE: [libjvm.so+0x5f4230], sa_mask[0]=0x7ffbfeff, sa_flags=0x10000004
SIGPIPE: [libjvm.so+0x5f4230], sa_mask[0]=0x7ffbfeff, sa_flags=0x10000004
SIGXFSZ: [libjvm.so+0x5f4230], sa_mask[0]=0x7ffbfeff, sa_flags=0x10000004
SIGILL: [libjvm.so+0x5f4230], sa_mask[0]=0x7ffbfeff, sa_flags=0x10000004
SIGUSR1: SIG_DFL, sa_mask[0]=0x00000000, sa_flags=0x00000000
SIGUSR2: [libjvm.so+0x5f40e0], sa_mask[0]=0x00000004, sa_flags=0x10000004
SIGHUP: SIG_DFL, sa_mask[0]=0x00000000, sa_flags=0x00000000
SIGINT: SIG_DFL, sa_mask[0]=0x00000000, sa_flags=0x00000000
SIGTERM: SIG_DFL, sa_mask[0]=0x00000000, sa_flags=0x00000000
SIGQUIT: SIG_DFL, sa_mask[0]=0x00000000, sa_flags=0x00000000


---------------  S Y S T E M  ---------------

OS:Ubuntu 13.04 (raring)
uname:Linux 3.8.0-32-generic #47-Ubuntu SMP Tue Oct 1 21:36:40 UTC 2013 i686
libc:glibc 2.17 NPTL 2.17 
rlimit: STACK 8192k, CORE 0k, NPROC 15677, NOFILE 4096, AS infinity
load average:1.71 1.20 0.56

/proc/meminfo:
MemTotal:        2023152 kB
MemFree:          144096 kB
Buffers:           80672 kB
Cached:           965688 kB
SwapCached:            0 kB
Active:          1114292 kB
Inactive:         692840 kB
Active(anon):     762004 kB
Inactive(anon):   120768 kB
Active(file):     352288 kB
Inactive(file):   572072 kB
Unevictable:          32 kB
Mlocked:              32 kB
HighTotal:       1141448 kB
HighFree:          14536 kB
LowTotal:         881704 kB
LowFree:          129560 kB
SwapTotal:       2052092 kB
SwapFree:        2052092 kB
Dirty:              1852 kB
Writeback:             0 kB
AnonPages:        760956 kB
Mapped:           146180 kB
Shmem:            122008 kB
Slab:              45084 kB
SReclaimable:      30168 kB
SUnreclaim:        14916 kB
KernelStack:        3624 kB
PageTables:         8536 kB
NFS_Unstable:          0 kB
Bounce:                0 kB
WritebackTmp:          0 kB
CommitLimit:     3063668 kB
Committed_AS:    4289436 kB
VmallocTotal:     122880 kB
VmallocUsed:       10888 kB
VmallocChunk:     109304 kB
HardwareCorrupted:     0 kB
AnonHugePages:         0 kB
HugePages_Total:       0
HugePages_Free:        0
HugePages_Rsvd:        0
HugePages_Surp:        0
Hugepagesize:       2048 kB
DirectMap4k:       16376 kB
DirectMap2M:      897024 kB


CPU:total 2 (2 cores per cpu, 1 threads per core) family 6 model 15 stepping 10, cmov, cx8, fxsr, mmx, sse, sse2, sse3, ssse3, tsc

/proc/cpuinfo:
processor	: 0
vendor_id	: GenuineIntel
cpu family	: 6
model		: 15
model name	: Intel(R) Core(TM)2 Duo CPU     L7300  @ 1.40GHz
stepping	: 10
microcode	: 0x92
cpu MHz		: 1401.000
cache size	: 4096 KB
physical id	: 0
siblings	: 2
core id		: 0
cpu cores	: 2
apicid		: 0
initial apicid	: 0
fdiv_bug	: no
hlt_bug		: no
f00f_bug	: no
coma_bug	: no
fpu		: yes
fpu_exception	: yes
cpuid level	: 10
wp		: yes
flags		: fpu vme de pse tsc msr pae mce cx8 apic sep mtrr pge mca cmov pat pse36 clflush dts acpi mmx fxsr sse sse2 ss ht tm pbe nx lm constant_tsc arch_perfmon pebs bts aperfmperf pni dtes64 monitor ds_cpl vmx est tm2 ssse3 cx16 xtpr pdcm lahf_lm ida dtherm tpr_shadow vnmi flexpriority
bogomips	: 2792.95
clflush size	: 64
cache_alignment	: 64
address sizes	: 36 bits physical, 48 bits virtual
power management:

processor	: 1
vendor_id	: GenuineIntel
cpu family	: 6
model		: 15
model name	: Intel(R) Core(TM)2 Duo CPU     L7300  @ 1.40GHz
stepping	: 10
microcode	: 0x92
cpu MHz		: 1401.000
cache size	: 4096 KB
physical id	: 0
siblings	: 2
core id		: 1
cpu cores	: 2
apicid		: 1
initial apicid	: 1
fdiv_bug	: no
hlt_bug		: no
f00f_bug	: no
coma_bug	: no
fpu		: yes
fpu_exception	: yes
cpuid level	: 10
wp		: yes
flags		: fpu vme de pse tsc msr pae mce cx8 apic sep mtrr pge mca cmov pat pse36 clflush dts acpi mmx fxsr sse sse2 ss ht tm pbe nx lm constant_tsc arch_perfmon pebs bts aperfmperf pni dtes64 monitor ds_cpl vmx est tm2 ssse3 cx16 xtpr pdcm lahf_lm ida dtherm tpr_shadow vnmi flexpriority
bogomips	: 2792.95
clflush size	: 64
cache_alignment	: 64
address sizes	: 36 bits physical, 48 bits virtual
power management:



Memory: 4k page, physical 2023152k(144096k free), swap 2052092k(2052092k free)

vm_info: OpenJDK Server VM (23.7-b01) for linux-x86 JRE (1.7.0_25-b30), built on Jul  3 2013 13:58:32 by "buildd" with gcc 4.7.3

time: Sat Dec  7 15:37:36 2013
elapsed time: 0 seconds

